#
# There is insufficient memory for the Java Runtime Environment to continue.
# Native memory allocation (malloc) failed to allocate 32744 bytes for ChunkPool::allocate
# Possible reasons:
#   The system is out of physical RAM or swap space
#   The process is running with CompressedOops enabled, and the Java Heap may be blocking the growth of the native heap
# Possible solutions:
#   Reduce memory load on the system
#   Increase physical memory or swap space
#   Check if swap backing store is full
#   Decrease Java heap size (-Xmx/-Xms)
#   Decrease number of Java threads
#   Decrease Java thread stack sizes (-Xss)
#   Set larger code cache with -XX:ReservedCodeCacheSize=
#   JVM is running with Unscaled Compressed Oops mode in which the Java heap is
#     placed in the first 4GB address space. The Java Heap base address is the
#     maximum limit for the native heap growth. Please use -XX:HeapBaseMinAddress
#     to set the Java Heap base and to place the Java Heap above 4GB virtual address.
# This output file may be truncated or incomplete.
#
#  Out of Memory Error (allocation.cpp:273), pid=20872, tid=0x0000000000000238
#
# JRE version: Java(TM) SE Runtime Environment (8.0_201-b09) (build 1.8.0_201-b09)
# Java VM: Java HotSpot(TM) 64-Bit Server VM (25.201-b09 mixed mode windows-amd64 compressed oops)
# Failed to write core dump. Minidumps are not enabled by default on client versions of Windows
#

---------------  T H R E A D  ---------------

Current thread (0x0000000019eb2800):  JavaThread "C1 CompilerThread3" daemon [_thread_in_native, id=568, stack(0x000000001a830000,0x000000001a930000)]

Stack: [0x000000001a830000,0x000000001a930000]
[error occurred during error reporting (printing stack bounds), id 0xc0000005]

Native frames: (J=compiled Java code, j=interpreted, Vv=VM code, C=native code)


Current CompileTask:
C1: 172206 1500   !   3       io.netty.buffer.PoolArena::allocate (309 bytes)


---------------  P R O C E S S  ---------------

Java Threads: ( => current thread )
  0x000000001b7e2800 JavaThread "NettyClientPublicExecutor_8" [_thread_blocked, id=16236, stack(0x0000000026630000,0x0000000026730000)]
  0x000000001b7e0000 JavaThread "NettyClientPublicExecutor_7" [_thread_blocked, id=20712, stack(0x0000000026530000,0x0000000026630000)]
  0x000000001b7e3000 JavaThread "NettyClientPublicExecutor_6" [_thread_blocked, id=18928, stack(0x0000000026430000,0x0000000026530000)]
  0x000000001b7e1800 JavaThread "ConsumeMessageThread_5" [_thread_blocked, id=20056, stack(0x0000000026130000,0x0000000026230000)]
  0x000000001b7e4800 JavaThread "ConsumeMessageThread_4" [_thread_blocked, id=18336, stack(0x0000000026030000,0x0000000026130000)]
  0x000000001b7e7000 JavaThread "ConsumeMessageThread_3" [_thread_blocked, id=11904, stack(0x0000000025f30000,0x0000000026030000)]
  0x000000001b7df800 JavaThread "ConsumeMessageThread_2" [_thread_blocked, id=11208, stack(0x0000000025e30000,0x0000000025f30000)]
  0x000000001b7e5800 JavaThread "ConsumeMessageThread_1" [_thread_blocked, id=15688, stack(0x0000000025d30000,0x0000000025e30000)]
  0x000000001b7e6000 JavaThread "NettyClientPublicExecutor_5" [_thread_blocked, id=13684, stack(0x0000000025a30000,0x0000000025b30000)]
  0x000000001b617800 JavaThread "PullMessageServiceScheduledThread" [_thread_blocked, id=9916, stack(0x0000000025930000,0x0000000025a30000)]
  0x000000001b618800 JavaThread "NettyClientPublicExecutor_4" [_thread_blocked, id=19884, stack(0x0000000025830000,0x0000000025930000)]
  0x000000001b617000 JavaThread "NettyClientPublicExecutor_3" [_thread_blocked, id=17524, stack(0x0000000025730000,0x0000000025830000)]
  0x000000001b615800 JavaThread "NettyClientPublicExecutor_2" [_thread_blocked, id=2648, stack(0x0000000025630000,0x0000000025730000)]
  0x000000001b614800 JavaThread "NettyClientPublicExecutor_1" [_thread_blocked, id=7560, stack(0x0000000022500000,0x0000000022600000)]
  0x000000001b61b000 JavaThread "NettyClientWorkerThread_4" [_thread_blocked, id=18428, stack(0x00000000213f0000,0x00000000214f0000)]
  0x000000001b616000 JavaThread "NettyClientWorkerThread_3" [_thread_blocked, id=2320, stack(0x00000000202e0000,0x00000000203e0000)]
  0x000000001b61a000 JavaThread "DestroyJavaVM" [_thread_blocked, id=17964, stack(0x0000000002ab0000,0x0000000002bb0000)]
  0x000000001b619000 JavaThread "NettyClientWorkerThread_2" [_thread_blocked, id=12628, stack(0x000000001f1d0000,0x000000001f2d0000)]
  0x000000001b614000 JavaThread "NettyClientWorkerThread_1" [_thread_blocked, id=2660, stack(0x000000001cdb0000,0x000000001ceb0000)]
  0x000000001b602000 JavaThread "NettyClientSelector_1" [_thread_in_native, id=14700, stack(0x000000001ccb0000,0x000000001cdb0000)]
  0x000000001ad1c000 JavaThread "RebalanceService" [_thread_blocked, id=19388, stack(0x000000001cbb0000,0x000000001ccb0000)]
  0x000000001ad1b000 JavaThread "PullMessageService" [_thread_blocked, id=14772, stack(0x000000001cab0000,0x000000001cbb0000)]
  0x000000001b550800 JavaThread "CleanExpireMsgScheduledThread_1" [_thread_blocked, id=9652, stack(0x000000001c9b0000,0x000000001cab0000)]
  0x000000001afac000 JavaThread "MQClientFactoryScheduledThread" [_thread_blocked, id=15108, stack(0x000000001c8b0000,0x000000001c9b0000)]
  0x000000001af90000 JavaThread "ClientHouseKeepingService" daemon [_thread_blocked, id=8056, stack(0x000000001c7b0000,0x000000001c8b0000)]
  0x000000001ac54000 JavaThread "AsyncAppender-Dispatcher-Thread-0" daemon [_thread_blocked, id=13116, stack(0x000000001c3b0000,0x000000001c4b0000)]
  0x0000000019f5a000 JavaThread "Service Thread" daemon [_thread_blocked, id=15752, stack(0x000000001a930000,0x000000001aa30000)]
=>0x0000000019eb2800 JavaThread "C1 CompilerThread3" daemon [_thread_in_native, id=568, stack(0x000000001a830000,0x000000001a930000)]
  0x0000000019ea4800 JavaThread "C2 CompilerThread2" daemon [_thread_blocked, id=13464, stack(0x000000001a730000,0x000000001a830000)]
  0x0000000019e73000 JavaThread "C2 CompilerThread1" daemon [_thread_blocked, id=10412, stack(0x000000001a630000,0x000000001a730000)]
  0x0000000019e4d000 JavaThread "C2 CompilerThread0" daemon [_thread_blocked, id=18016, stack(0x000000001a530000,0x000000001a630000)]
  0x0000000019e72000 JavaThread "Monitor Ctrl-Break" daemon [_thread_in_native, id=3356, stack(0x000000001a430000,0x000000001a530000)]
  0x0000000019c65800 JavaThread "Attach Listener" daemon [_thread_blocked, id=15960, stack(0x000000001a330000,0x000000001a430000)]
  0x0000000019cc3000 JavaThread "Signal Dispatcher" daemon [_thread_blocked, id=15220, stack(0x000000001a230000,0x000000001a330000)]
  0x0000000002e0a000 JavaThread "Finalizer" daemon [_thread_blocked, id=4392, stack(0x000000001a130000,0x000000001a230000)]
  0x0000000019c50800 JavaThread "Reference Handler" daemon [_thread_blocked, id=15208, stack(0x000000001a030000,0x000000001a130000)]

Other Threads:
  0x0000000017e59800 VMThread [stack: 0x0000000019b30000,0x0000000019c30000] [id=9020]
  0x0000000019ffa000 WatcherThread [stack: 0x000000001aa30000,0x000000001ab30000] [id=9152]

VM state:not at safepoint (normal execution)

VM Mutex/Monitor currently owned by a thread: None

OutOfMemory and StackOverflow Exception counts:
OutOfMemoryError java_heap_errors=10

heap address: 0x0000000080200000, size: 2046 MB, Compressed Oops mode: 32-bit
Narrow klass base: 0x0000000000000000, Narrow klass shift: 3
Compressed class space size: 1073741824 Address: 0x0000000100000000

Heap:
 PSYoungGen      total 38400K, used 35894K [0x00000000d5600000, 0x00000000d8080000, 0x0000000100000000)
  eden space 33280K, 93% used [0x00000000d5600000,0x00000000d74500f8,0x00000000d7680000)
  from space 5120K, 94% used [0x00000000d7680000,0x00000000d7b3d9e0,0x00000000d7b80000)
  to   space 5120K, 0% used [0x00000000d7b80000,0x00000000d7b80000,0x00000000d8080000)
 ParOldGen       total 87552K, used 8K [0x0000000080200000, 0x0000000085780000, 0x00000000d5600000)
  object space 87552K, 0% used [0x0000000080200000,0x0000000080202000,0x0000000085780000)
 Metaspace       used 14110K, capacity 14438K, committed 14592K, reserved 1062912K
  class space    used 1608K, capacity 1675K, committed 1792K, reserved 1048576K

Card table byte_map: [0x00000000121d0000,0x00000000125d0000] byte_map_base: 0x0000000011dcf000

Marking Bits: (ParMarkBitMap*) 0x000000005be64ce0
 Begin Bits: [0x0000000013080000, 0x0000000015078000)
 End Bits:   [0x0000000015078000, 0x0000000017070000)

Polling page: 0x00000000005e0000

CodeCache: size=245760Kb used=4663Kb max_used=4663Kb free=241096Kb
 bounds [0x0000000002e10000, 0x00000000032b0000, 0x0000000011e10000]
 total_blobs=1820 nmethods=1421 adapters=312
 compilation: enabled

Compilation events (10 events):
Event: 167.201 Thread 0x0000000019eb2800 nmethod 1493 0x00000000032a02d0 code [0x00000000032a04a0, 0x00000000032a0cb8]
Event: 167.201 Thread 0x0000000019eb2800 1495       3       io.netty.buffer.AbstractReferenceCountedByteBuf::touch (2 bytes)
Event: 167.201 Thread 0x0000000019eb2800 nmethod 1495 0x0000000003046710 code [0x0000000003046860, 0x00000000030469b0]
Event: 167.201 Thread 0x0000000019eb2800 1494       3       java.util.concurrent.locks.AbstractQueuedSynchronizer::tryAcquireSharedNanos (37 bytes)
Event: 167.201 Thread 0x0000000019eb2800 nmethod 1494 0x00000000032a0f10 code [0x00000000032a10c0, 0x00000000032a1558]
Event: 167.201 Thread 0x0000000019eb2800 1496       3       java.text.FieldPosition::setBeginIndex (6 bytes)
Event: 167.202 Thread 0x0000000019eb2800 nmethod 1496 0x000000000329aa10 code [0x000000000329ab60, 0x000000000329acb0]
Event: 172.202 Thread 0x0000000019eb2800 1497       3       org.apache.rocketmq.remoting.protocol.RemotingSerializable::toJson (6 bytes)
Event: 172.203 Thread 0x0000000019eb2800 nmethod 1497 0x00000000032a1710 code [0x00000000032a18c0, 0x00000000032a1eb8]
Event: 172.203 Thread 0x0000000019eb2800 1500   !   3       io.netty.buffer.PoolArena::allocate (309 bytes)

GC Heap History (2 events):
Event: 2.725 GC heap before
{Heap before GC invocations=1 (full 0):
 PSYoungGen      total 38400K, used 33280K [0x00000000d5600000, 0x00000000d8080000, 0x0000000100000000)
  eden space 33280K, 100% used [0x00000000d5600000,0x00000000d7680000,0x00000000d7680000)
  from space 5120K, 0% used [0x00000000d7b80000,0x00000000d7b80000,0x00000000d8080000)
  to   space 5120K, 0% used [0x00000000d7680000,0x00000000d7680000,0x00000000d7b80000)
 ParOldGen       total 87552K, used 0K [0x0000000080200000, 0x0000000085780000, 0x00000000d5600000)
  object space 87552K, 0% used [0x0000000080200000,0x0000000080200000,0x0000000085780000)
 Metaspace       used 9870K, capacity 10126K, committed 10240K, reserved 1058816K
  class space    used 1172K, capacity 1245K, committed 1280K, reserved 1048576K
Event: 2.734 GC heap after
Heap after GC invocations=1 (full 0):
 PSYoungGen      total 38400K, used 4854K [0x00000000d5600000, 0x00000000d8080000, 0x0000000100000000)
  eden space 33280K, 0% used [0x00000000d5600000,0x00000000d5600000,0x00000000d7680000)
  from space 5120K, 94% used [0x00000000d7680000,0x00000000d7b3d9e0,0x00000000d7b80000)
  to   space 5120K, 0% used [0x00000000d7b80000,0x00000000d7b80000,0x00000000d8080000)
 ParOldGen       total 87552K, used 8K [0x0000000080200000, 0x0000000085780000, 0x00000000d5600000)
  object space 87552K, 0% used [0x0000000080200000,0x0000000080202000,0x0000000085780000)
 Metaspace       used 9870K, capacity 10126K, committed 10240K, reserved 1058816K
  class space    used 1172K, capacity 1245K, committed 1280K, reserved 1048576K
}

Deoptimization events (5 events):
Event: 1.488 Thread 0x0000000002d14000 Uncommon trap: reason=unstable_if action=reinterpret pc=0x0000000002f926a8 method=java.lang.String.indexOf([CII[CIII)I @ 3
Event: 1.760 Thread 0x0000000002d14000 Uncommon trap: reason=unstable_if action=reinterpret pc=0x0000000002f4cb58 method=sun.nio.cs.UTF_8$Encoder.encode([CII[B)I @ 33
Event: 2.171 Thread 0x0000000002d14000 Uncommon trap: reason=unstable_if action=reinterpret pc=0x00000000030310bc method=java.lang.AbstractStringBuilder.append(Ljava/lang/String;)Ljava/lang/AbstractStringBuilder; @ 1
Event: 2.996 Thread 0x000000001b614000 Uncommon trap: reason=unstable_if action=reinterpret pc=0x00000000030e7ec8 method=java.util.HashMap.getNode(ILjava/lang/Object;)Ljava/util/HashMap$Node; @ 129
Event: 3.108 Thread 0x0000000002d14000 Uncommon trap: reason=range_check action=make_not_entrant pc=0x00000000031260e0 method=sun.reflect.generics.parser.SignatureParser.current()C @ 34

Classes redefined (0 events):
No events

Internal exceptions (10 events):
Event: 3.141 Thread 0x000000001b616000 Exception <a 'java/lang/OutOfMemoryError'> (0x00000000d6bb77e8) thrown at [C:\re\workspace\8-2-build-windows-amd64-cygwin\jdk8u201\12322\hotspot\src\share\vm\prims\unsafe.cpp, line 618]
Event: 3.141 Thread 0x000000001b616000 Exception <a 'java/lang/OutOfMemoryError'> (0x00000000d6bb77e8) thrown at [C:\re\workspace\8-2-build-windows-amd64-cygwin\jdk8u201\12322\hotspot\src\share\vm\prims\jni.cpp, line 709]
Event: 3.146 Thread 0x000000001b61b000 Exception <a 'java/lang/OutOfMemoryError'> (0x00000000d6c21d78) thrown at [C:\re\workspace\8-2-build-windows-amd64-cygwin\jdk8u201\12322\hotspot\src\share\vm\prims\unsafe.cpp, line 618]
Event: 3.146 Thread 0x000000001b61b000 Exception <a 'java/lang/OutOfMemoryError'> (0x00000000d6c21d78) thrown at [C:\re\workspace\8-2-build-windows-amd64-cygwin\jdk8u201\12322\hotspot\src\share\vm\prims\jni.cpp, line 709]
Event: 3.213 Thread 0x000000001b619000 Exception <a 'java/lang/OutOfMemoryError'> (0x00000000d6cd89a8) thrown at [C:\re\workspace\8-2-build-windows-amd64-cygwin\jdk8u201\12322\hotspot\src\share\vm\prims\unsafe.cpp, line 618]
Event: 3.213 Thread 0x000000001b619000 Exception <a 'java/lang/OutOfMemoryError'> (0x00000000d6cd89a8) thrown at [C:\re\workspace\8-2-build-windows-amd64-cygwin\jdk8u201\12322\hotspot\src\share\vm\prims\jni.cpp, line 709]
Event: 3.216 Thread 0x000000001b616000 Exception <a 'java/lang/OutOfMemoryError'> (0x00000000d6bb9800) thrown at [C:\re\workspace\8-2-build-windows-amd64-cygwin\jdk8u201\12322\hotspot\src\share\vm\prims\unsafe.cpp, line 618]
Event: 3.216 Thread 0x000000001b616000 Exception <a 'java/lang/OutOfMemoryError'> (0x00000000d6bb9800) thrown at [C:\re\workspace\8-2-build-windows-amd64-cygwin\jdk8u201\12322\hotspot\src\share\vm\prims\jni.cpp, line 709]
Event: 23.229 Thread 0x000000001ad1c000 Exception <a 'java/lang/ArrayIndexOutOfBoundsException'> (0x00000000d6afb120) thrown at [C:\re\workspace\8-2-build-windows-amd64-cygwin\jdk8u201\12322\hotspot\src\share\vm\runtime\sharedRuntime.cpp, line 605]
Event: 23.229 Thread 0x000000001ad1c000 Exception <a 'java/lang/ArrayIndexOutOfBoundsException'> (0x00000000d6afd818) thrown at [C:\re\workspace\8-2-build-windows-amd64-cygwin\jdk8u201\12322\hotspot\src\share\vm\runtime\sharedRuntime.cpp, line 605]

Events (10 events):
Event: 143.293 Thread 0x0000000019eb2800 flushing nmethod 0x00000000030e2c50
Event: 143.293 Thread 0x0000000019eb2800 flushing nmethod 0x00000000030e7bd0
Event: 143.293 Thread 0x0000000019eb2800 flushing nmethod 0x00000000030fb450
Event: 143.293 Thread 0x0000000019eb2800 flushing nmethod 0x0000000003100a50
Event: 143.293 Thread 0x0000000019eb2800 flushing nmethod 0x0000000003101110
Event: 143.293 Thread 0x0000000019eb2800 flushing nmethod 0x0000000003101c10
Event: 143.293 Thread 0x0000000019eb2800 flushing nmethod 0x0000000003103510
Event: 143.293 Thread 0x0000000019eb2800 flushing nmethod 0x0000000003103a50
Event: 143.294 Thread 0x0000000019eb2800 flushing nmethod 0x000000000310e950
Event: 143.294 Thread 0x0000000019eb2800 flushing nmethod 0x0000000003125f50


Dynamic libraries:
0x00007ff74d590000 - 0x00007ff74d5c7000 	E:\java\bin\java.exe
0x00007ffdb5ed0000 - 0x00007ffdb60bd000 	C:\WINDOWS\SYSTEM32\ntdll.dll
0x00007ffdb5c80000 - 0x00007ffdb5d33000 	C:\WINDOWS\System32\KERNEL32.DLL
0x00007ffdb2b60000 - 0x00007ffdb2df3000 	C:\WINDOWS\System32\KERNELBASE.dll
0x00007ffdb35b0000 - 0x00007ffdb3653000 	C:\WINDOWS\System32\ADVAPI32.dll
0x00007ffdb3400000 - 0x00007ffdb349e000 	C:\WINDOWS\System32\msvcrt.dll
0x00007ffdb3160000 - 0x00007ffdb31fe000 	C:\WINDOWS\System32\sechost.dll
0x00007ffdb32d0000 - 0x00007ffdb33f3000 	C:\WINDOWS\System32\RPCRT4.dll
0x00007ffdb5990000 - 0x00007ffdb5b27000 	C:\WINDOWS\System32\USER32.dll
0x00007ffdb2ac0000 - 0x00007ffdb2ae0000 	C:\WINDOWS\System32\win32u.dll
0x00007ffdb5e70000 - 0x00007ffdb5e99000 	C:\WINDOWS\System32\GDI32.dll
0x00007ffdb26f0000 - 0x00007ffdb288a000 	C:\WINDOWS\System32\gdi32full.dll
0x00007ffdb2990000 - 0x00007ffdb2a30000 	C:\WINDOWS\System32\msvcp_win.dll
0x00007ffdb2890000 - 0x00007ffdb298c000 	C:\WINDOWS\System32\ucrtbase.dll
0x00007ffda3450000 - 0x00007ffda36c9000 	C:\WINDOWS\WinSxS\amd64_microsoft.windows.common-controls_6595b64144ccf1df_6.0.17763.107_none_05b63884071e656e\COMCTL32.dll
0x00007ffdb3c80000 - 0x00007ffdb3fae000 	C:\WINDOWS\System32\combase.dll
0x00007ffdb2ae0000 - 0x00007ffdb2b5e000 	C:\WINDOWS\System32\bcryptPrimitives.dll
0x00007ffdb3c50000 - 0x00007ffdb3c7e000 	C:\WINDOWS\System32\IMM32.DLL
0x000000005cc10000 - 0x000000005cce1000 	E:\java\jre\bin\msvcr100.dll
0x000000005b640000 - 0x000000005bee4000 	E:\java\jre\bin\server\jvm.dll
0x00007ffdb5c70000 - 0x00007ffdb5c78000 	C:\WINDOWS\System32\PSAPI.DLL
0x00007ffdabd10000 - 0x00007ffdabd19000 	C:\WINDOWS\SYSTEM32\WSOCK32.dll
0x00007ffdb5750000 - 0x00007ffdb57bd000 	C:\WINDOWS\System32\WS2_32.dll
0x00007ffda6ef0000 - 0x00007ffda6f14000 	C:\WINDOWS\SYSTEM32\WINMM.dll
0x00007ffdac4a0000 - 0x00007ffdac4aa000 	C:\WINDOWS\SYSTEM32\VERSION.dll
0x00007ffda6ec0000 - 0x00007ffda6eed000 	C:\WINDOWS\SYSTEM32\WINMMBASE.dll
0x00007ffdb30b0000 - 0x00007ffdb30fa000 	C:\WINDOWS\System32\cfgmgr32.dll
0x00007ffdaac20000 - 0x00007ffdaac2f000 	E:\java\jre\bin\verify.dll
0x00007ffda5bc0000 - 0x00007ffda5be9000 	E:\java\jre\bin\java.dll
0x00007ffdab930000 - 0x00007ffdab953000 	E:\java\jre\bin\instrument.dll
0x00007ffda5ba0000 - 0x00007ffda5bb6000 	E:\java\jre\bin\zip.dll
0x00007ffdb4030000 - 0x00007ffdb551f000 	C:\WINDOWS\System32\SHELL32.dll
0x00007ffdb34a0000 - 0x00007ffdb3548000 	C:\WINDOWS\System32\shcore.dll
0x00007ffdb1fa0000 - 0x00007ffdb26e8000 	C:\WINDOWS\System32\windows.storage.dll
0x00007ffdb1f70000 - 0x00007ffdb1f94000 	C:\WINDOWS\System32\profapi.dll
0x00007ffdb1f10000 - 0x00007ffdb1f6d000 	C:\WINDOWS\System32\powrprof.dll
0x00007ffdb5920000 - 0x00007ffdb5972000 	C:\WINDOWS\System32\shlwapi.dll
0x00007ffdb1ed0000 - 0x00007ffdb1ee1000 	C:\WINDOWS\System32\kernel.appcore.dll
0x00007ffdb3090000 - 0x00007ffdb30a7000 	C:\WINDOWS\System32\cryptsp.dll
0x00007ffdaed00000 - 0x00007ffdaed1a000 	E:\Program Files (x86)\IntelliJ IDEA 2019.1.2\bin\breakgen64.dll
0x00007ffda5a90000 - 0x00007ffda5aaa000 	E:\java\jre\bin\net.dll
0x00007ffda3270000 - 0x00007ffda3447000 	C:\WINDOWS\SYSTEM32\urlmon.dll
0x00007ffda7c70000 - 0x00007ffda7f18000 	C:\WINDOWS\SYSTEM32\iertutil.dll
0x00007ffdb1930000 - 0x00007ffdb193c000 	C:\WINDOWS\SYSTEM32\CRYPTBASE.DLL
0x00007ffdb1760000 - 0x00007ffdb17c7000 	C:\WINDOWS\system32\mswsock.dll
0x00007ffdb14c0000 - 0x00007ffdb14fd000 	C:\WINDOWS\SYSTEM32\IPHLPAPI.DLL
0x00007ffdb5bb0000 - 0x00007ffdb5bb8000 	C:\WINDOWS\System32\NSI.dll
0x00007ffdad0e0000 - 0x00007ffdad0f6000 	C:\WINDOWS\SYSTEM32\dhcpcsvc6.DLL
0x00007ffdad070000 - 0x00007ffdad08c000 	C:\WINDOWS\SYSTEM32\dhcpcsvc.DLL
0x00007ffdb1500000 - 0x00007ffdb15c6000 	C:\WINDOWS\SYSTEM32\DNSAPI.dll
0x00007ffd9e6d0000 - 0x00007ffd9e6e6000 	C:\WINDOWS\system32\napinsp.dll
0x00007ffd9e360000 - 0x00007ffd9e37a000 	C:\WINDOWS\system32\pnrpnsp.dll
0x00007ffd9cd10000 - 0x00007ffd9cd1e000 	C:\WINDOWS\System32\winrnr.dll
0x00007ffdaeb20000 - 0x00007ffdaeb3b000 	C:\WINDOWS\system32\NLAapi.dll
0x00007ffd9ccf0000 - 0x00007ffd9cd05000 	C:\WINDOWS\system32\wshbth.dll
0x00007ffdaa960000 - 0x00007ffdaa96a000 	C:\Windows\System32\rasadhlp.dll
0x00007ffdac7d0000 - 0x00007ffdac849000 	C:\WINDOWS\System32\fwpuclnt.dll
0x00007ffdb2a30000 - 0x00007ffdb2a56000 	C:\WINDOWS\System32\bcrypt.dll
0x00007ffdaec70000 - 0x00007ffdaec7d000 	E:\java\jre\bin\management.dll
0x00007ffda4d20000 - 0x00007ffda4d31000 	E:\java\jre\bin\nio.dll
0x00007ffdb1320000 - 0x00007ffdb1353000 	C:\WINDOWS\system32\rsaenh.dll
0x00007ffdb1dd0000 - 0x00007ffdb1df8000 	C:\WINDOWS\SYSTEM32\USERENV.dll

VM Arguments:
jvm_args: -javaagent:E:\Program Files (x86)\IntelliJ IDEA 2019.1.2\lib\idea_rt.jar=60187:E:\Program Files (x86)\IntelliJ IDEA 2019.1.2\bin -Dfile.encoding=UTF-8 
java_command: com.bfxy.rocketmq.quickstart.Consumer
java_class_path (initial): E:\java\jre\lib\charsets.jar;E:\java\jre\lib\deploy.jar;E:\java\jre\lib\ext\access-bridge-64.jar;E:\java\jre\lib\ext\cldrdata.jar;E:\java\jre\lib\ext\dnsns.jar;E:\java\jre\lib\ext\jaccess.jar;E:\java\jre\lib\ext\jfxrt.jar;E:\java\jre\lib\ext\localedata.jar;E:\java\jre\lib\ext\nashorn.jar;E:\java\jre\lib\ext\sunec.jar;E:\java\jre\lib\ext\sunjce_provider.jar;E:\java\jre\lib\ext\sunmscapi.jar;E:\java\jre\lib\ext\sunpkcs11.jar;E:\java\jre\lib\ext\zipfs.jar;E:\java\jre\lib\javaws.jar;E:\java\jre\lib\jce.jar;E:\java\jre\lib\jfr.jar;E:\java\jre\lib\jfxswt.jar;E:\java\jre\lib\jsse.jar;E:\java\jre\lib\management-agent.jar;E:\java\jre\lib\plugin.jar;E:\java\jre\lib\resources.jar;E:\java\jre\lib\rt.jar;D:\ideaProject\rockermq_demo\rocketmq-api\target\classes;E:\apache-maven-3.6.0\repository\org\springframework\boot\spring-boot-starter-actuator\2.0.5.RELEASE\spring-boot-starter-actuator-2.0.5.RELEASE.jar;E:\apache-maven-3.6.0\repository\org\springframework\boot\spring-boot-starter\2.0.5.RELEASE\spring-boot-starter-2.0.5.RELEASE.jar;E:\apache-maven-3.6.0\repository\org\springframework\boot\spring-boot\2.0.5.RELEASE\spring-boot-2.0.5.RELEASE.jar;E:\apache-maven-3.6.0\repository\org\springframework\boot\spring-boot-autoconfigure\2.0.5.RELEASE\spring-boot-autoconfigure-2.0.5.RELEASE.jar;E:\apache-maven-3.6.0\repository\org\springframework\boot\spring-boot-starter-logging\2.0.5.RELEASE\spring-boot-starter-logging-2.0.5.RELEASE.jar;E:\apache-maven-3.6.0\repository\ch\qos\logback\logback-classic\1.2.3\logback-classic-1.2.3.jar;E:\apache-maven-3.6.0\repository\ch\qos\logback\logback-core\1.2.3\logback-core-1.2.3.jar;E:\apache-maven-3.6.0\repository\org\apache\logging\log4j\log4j-to-slf4j\2.10.0\log4j-to-slf4j-2.10.0.jar;E:\apache-maven-3.6.0\repository\org\apache\logging\log4j\log4j-api\2.10.0\log4j-api-2.10.0.jar;E:\apache-maven-3.6.0\repository\org\slf4j\jul-to-slf4j\1.7.25\jul-to-slf4j-1.7.25.jar;E:\apache-maven-3.6.0\repository\javax\annotation\javax.an
Launcher Type: SUN_STANDARD

Environment Variables:
JAVA_HOME=E:\java
CLASSPATH=.;E:\java\lib;E:\java\lib\tools.jar
PATH=C:\Windows\System32;C:\Users\Administrator\AppData\Local\Microsoft\WindowsApps;
USERNAME=Administrator
OS=Windows_NT
PROCESSOR_IDENTIFIER=Intel64 Family 6 Model 30 Stepping 5, GenuineIntel



---------------  S Y S T E M  ---------------

OS: Windows 10.0 , 64 bit Build 17763 (10.0.17763.1)

CPU:total 8 (initial active 8) (4 cores per cpu, 2 threads per core) family 6 model 30 stepping 5, cmov, cx8, fxsr, mmx, sse, sse2, sse3, ssse3, sse4.1, sse4.2, popcnt, ht, tsc, tscinvbit

Memory: 4k page, physical 8379632k(403584k free), swap 16768240k(0k free)

vm_info: Java HotSpot(TM) 64-Bit Server VM (25.201-b09) for windows-amd64 JRE (1.8.0_201-b09), built on Dec 15 2018 18:36:39 by "java_re" with MS VC++ 10.0 (VS2010)

time: Wed May 29 18:13:23 2019
timezone: 中国标准时间
elapsed time: 172 seconds (0d 0h 2m 52s)

